<?xml version="1.0" encoding="UTF-8"?>
<testsuite xmlns:xsi="http://www.w3.org/2001/XMLSchema-instance" xsi:noNamespaceSchemaLocation="https://maven.apache.org/surefire/maven-surefire-plugin/xsd/surefire-test-report-3.0.xsd" version="3.0" name="TestSuite" time="15.619" tests="4" errors="0" skipped="0" failures="0">
  <properties>
[...]
</properties>
  <testcase name="testCreateUser" classname="api.tests.UsersTests" time="6.314">
    <system-err><![CDATA[SLF4J(W): No SLF4J providers were found.
SLF4J(W): Defaulting to no-operation (NOP) logger implementation
SLF4J(W): See https://www.slf4j.org/codes.html#noProviders for further details.
]]></system-err>
  </testcase>
  <testcase name="testReadUser" classname="api.tests.UsersTests" time="3.098">
    <system-out><![CDATA[HTTP/1.1 200 OK
Date: Fri, 06 Feb 2026 16:12:36 GMT
Content-Type: application/json
Transfer-Encoding: chunked
Connection: keep-alive
Access-Control-Allow-Origin: *
Access-Control-Allow-Methods: GET, POST, DELETE, PUT
Access-Control-Allow-Headers: Content-Type, api_key, Authorization
Server: Jetty(9.2.9.v20150224)

{
    "id": 194481424,
    "username": "tu.dach",
    "email": "kent.halvorson@gmail.com",
    "password": "9dmqj0p5hqiw",
    "userStatus": 0
}
]]></system-out>
  </testcase>
  <testcase name="testUpdateUser" classname="api.tests.UsersTests" time="2.088">
    <system-out><![CDATA[HTTP/1.1 200 OK
Date: Fri, 06 Feb 2026 16:12:39 GMT
Content-Type: application/json
Transfer-Encoding: chunked
Connection: keep-alive
Access-Control-Allow-Origin: *
Access-Control-Allow-Methods: GET, POST, DELETE, PUT
Access-Control-Allow-Headers: Content-Type, api_key, Authorization
Server: Jetty(9.2.9.v20150224)

{
    "code": 200,
    "type": "unknown",
    "message": "194481424"
}
]]></system-out>
  </testcase>
  <testcase name="testDeleteUser" classname="api.tests.UsersTests" time="2.344">
    <system-out><![CDATA[HTTP/1.1 200 OK
Date: Fri, 06 Feb 2026 16:12:41 GMT
Content-Type: application/json
Transfer-Encoding: chunked
Connection: keep-alive
Access-Control-Allow-Origin: *
Access-Control-Allow-Methods: GET, POST, DELETE, PUT
Access-Control-Allow-Headers: Content-Type, api_key, Authorization
Server: Jetty(9.2.9.v20150224)

{
    "code": 200,
    "type": "unknown",
    "message": "tu.dach"
}
]]></system-out>
  </testcase>
</testsuite>