<?xml version="1.0" encoding="UTF-8"?>
<!-- Generated by org.testng.reporters.JUnitReportReporter -->
<testsuite hostname="Hassan" failures="0" tests="4" name="api.tests.UsersTests" time="13.682" errors="0" timestamp="2026-02-06T21:42:42 IST" skipped="0">
  <testcase classname="api.tests.UsersTests" name="testCreateUser" time="6.169"/>
  <testcase classname="api.tests.UsersTests" name="testReadUser" time="3.095"/>
  <testcase classname="api.tests.UsersTests" name="testUpdateUser" time="2.078"/>
  <testcase classname="api.tests.UsersTests" name="testDeleteUser" time="2.340"/>
</testsuite> <!-- api.tests.UsersTests -->
